<?xml version="1.0" encoding="UTF-8"?>
<testng-results ignored="0" total="1" passed="1" failed="0" skipped="0">
  <reporter-output>
  </reporter-output>
  <suite started-at="2022-08-24T17:01:26 IST" name="Default suite" finished-at="2022-08-24T17:01:27 IST" duration-ms="16">
    <groups>
    </groups>
    <test started-at="2022-08-24T17:01:26 IST" name="Default test" finished-at="2022-08-24T17:01:27 IST" duration-ms="16">
      <class name="tests.TestMessageContent">
        <test-method signature="checkMessageContent()[pri:0, instance:tests.TestMessageContent@1fb700ee]" started-at="2022-08-24T17:01:27 IST" name="checkMessageContent" finished-at="2022-08-24T17:01:27 IST" duration-ms="4" status="PASS">
          <reporter-output>
          </reporter-output>
        </test-method> <!-- checkMessageContent -->
      </class> <!-- tests.TestMessageContent -->
    </test> <!-- Default test -->
  </suite> <!-- Default suite -->
</testng-results>
